This is XeTeX, Version 3.141592653-2.6-0.999993 (TeX Live 2021) (preloaded format=xelatex 2022.2.28)  31 MAR 2022 23:14
entering extended mode
 restricted \write18 enabled.
 %&-line parsing enabled.
**main.tex
(./main.tex
LaTeX2e <2020-10-01> patch level 4
L3 programming layer <2021-02-18>
(/usr/local/texlive/2021/texmf-dist/tex/latex/revtex4-1/revtex4-1.cls
Document Class: revtex4-1 2020/09/30 4.1s (http://publish.aps.org/revtex4/ for 
documentation)
 Copyright (c) 2009 The American Physical Society.
 mailto:revtex@aps.org
 Licensed under the LPPL:
http://www.ctan.org/tex-archive/macros/latex/base/lppl.txt
 Arthur Ogawa <arthur_ogawa at sbcglobal dot net>
 Based on work by David Carlisle <david at dcarlisle.demon.co.uk>.
ltxutil[2020/09/30 4.1s utilities package (portions licensed from W. E. Baxter 
web at superscript.com)]
LaTeX Info: Redefining \@centercr on input line 346.
Class revtex4-1 Info: Repairing broken LaTeX eqnarray on input line 396.
\eqncolsep=\skip47
Class revtex4-1 Info: Repairing hyperref-unfriendly LaTeX definition of \mpfoot
note on input line 471.
Class revtex4-1 Info: Repairing broken LateX \@sect on input line 793.
\intertabularlinepenalty=\count175
\@tbpen=\count176
\@arstrutbox@hline=\box47
Class revtex4-1 Info: Repairing broken LaTeX \@xbitor on input line 1824.
Class revtex4-1 Info: Making \typeout \long on input line 2089.
ltxfront[2020/09/30 4.1s frontmatter package (AO,DPC)]
\c@affil=\count177
\c@collab=\count178
\absbox=\box48
ltxgrid[2020/09/30 4.1s page grid package (portions licensed from W. E. Baxter 
web at superscript.com)]
\c@linecount=\count179
\output@latex=\toks15
\box@size@1=\box49
\box@size@2=\box50
\@protection@box=\box51
\@topmark@saved=\toks16
\footins@saved=\box52
\footins@recovered=\box53
\column@recovered=\box54
\pagesofar=\box55
\footsofar=\box56
\pagegrid@col=\count180
Class revtex4-1 Info: Overriding \@vspace, \@vspacer, \@no@pgbk, \@newline, and
 \\  on input line 5655.
\c@part=\count181
\c@section=\count182
\c@subsection=\count183
\c@subsubsection=\count184
\c@paragraph=\count185
\c@subparagraph=\count186
\abovecaptionskip=\skip48
\belowcaptionskip=\skip49
\c@figure=\count187
\fbox@1=\box57
\c@table=\count188
\fbox@2=\box58
\c@video=\count189
\fbox@4=\box59
\@bibdataout=\write3
\widetext@top=\box60
\widetext@bot=\box61
Class revtex4-1 Info: Selecting society aip on input line 7616.
(/usr/local/texlive/2021/texmf-dist/tex/latex/revtex4-1/aip4-1.rtx
File: aip4-1.rtx 2020/09/30 4.1s AIP substyle for REVTeX
Class revtex4-1 Info: RevTeX society AIP selected on input line 64.
)
Class revtex4-1 Info: Selecting journal jmp on input line 7618.

Using journal substyle jmp.
Class revtex4-1 Info: Reading file aps10pt4-1.rtx on input line 7621.
(/usr/local/texlive/2021/texmf-dist/tex/latex/revtex4-1/aps10pt4-1.rtx
File: aps10pt4-1 2020/09/30 4.1s (http://publish.aps.org/revtex4/ for documenta
tion)
Class revtex4-1 Info: RevTeX pointsize 10pt selected on input line 30.
)
Class revtex4-1 Info: Overriding 10pt on input line 7621.

(/usr/local/texlive/2021/texmf-dist/tex/latex/textcase/textcase.sty
Package: textcase 2019/09/14 v1.00 Text only upper/lower case changing (DPC)
)
(/usr/local/texlive/2021/texmf-dist/tex/latex/amsfonts/amssymb.sty
Package: amssymb 2013/01/14 v3.01 AMS font symbols

(/usr/local/texlive/2021/texmf-dist/tex/latex/amsfonts/amsfonts.sty
Package: amsfonts 2013/01/14 v3.01 Basic AMSFonts support
\@emptytoks=\toks17
\symAMSa=\mathgroup4
\symAMSb=\mathgroup5
LaTeX Font Info:    Redeclaring math symbol \hbar on input line 98.
LaTeX Font Info:    Overwriting math alphabet `\mathfrak' in version `bold'
(Font)                  U/euf/m/n --> U/euf/b/n on input line 106.
))
(/usr/local/texlive/2021/texmf-dist/tex/latex/amsmath/amsmath.sty
Package: amsmath 2020/09/23 v2.17i AMS math features
\@mathmargin=\skip50

For additional information on amsmath, use the `?' option.
(/usr/local/texlive/2021/texmf-dist/tex/latex/amsmath/amstext.sty
Package: amstext 2000/06/29 v2.01 AMS text

(/usr/local/texlive/2021/texmf-dist/tex/latex/amsmath/amsgen.sty
File: amsgen.sty 1999/11/30 v2.0 generic functions
\@emptytoks=\toks18
\ex@=\dimen138
)
LaTeX Info: Redefining \text on input line 28.
)
(/usr/local/texlive/2021/texmf-dist/tex/latex/amsmath/amsbsy.sty
Package: amsbsy 1999/11/29 v1.2d Bold Symbols
\pmbraise@=\dimen139
)
(/usr/local/texlive/2021/texmf-dist/tex/latex/amsmath/amsopn.sty
Package: amsopn 2016/03/08 v2.02 operator names
)
\inf@bad=\count190
LaTeX Info: Redefining \frac on input line 234.
\uproot@=\count191
\leftroot@=\count192
LaTeX Info: Redefining \overline on input line 399.
\classnum@=\count193
\DOTSCASE@=\count194
LaTeX Info: Redefining \ldots on input line 496.
LaTeX Info: Redefining \dots on input line 499.
LaTeX Info: Redefining \cdots on input line 620.
\Mathstrutbox@=\box62
\strutbox@=\box63
\big@size=\dimen140
LaTeX Font Info:    Redeclaring font encoding OML on input line 743.
LaTeX Font Info:    Redeclaring font encoding OMS on input line 744.
\macc@depth=\count195
\c@MaxMatrixCols=\count196
\dotsspace@=\muskip16
\c@parentequation=\count197
\dspbrk@lvl=\count198
\tag@help=\toks19
\row@=\count199
\column@=\count266
\maxfields@=\count267
\andhelp@=\toks20
\eqnshift@=\dimen141
\alignsep@=\dimen142
\tagshift@=\dimen143
\tagwidth@=\dimen144
\totwidth@=\dimen145
\lineht@=\dimen146
\@envbody=\toks21
\multlinegap=\skip51
\multlinetaggap=\skip52
\mathdisplay@stack=\toks22
LaTeX Info: Redefining \[ on input line 2923.
LaTeX Info: Redefining \] on input line 2924.
)
(/usr/local/texlive/2021/texmf-dist/tex/latex/url/url.sty
\Urlmuskip=\muskip17
Package: url 2013/09/16  ver 3.4  Verb mode for urls, etc.
)
(/usr/local/texlive/2021/texmf-dist/tex/latex/natbib/natbib.sty
Package: natbib 2010/09/13 8.31b (PWD, AO)
\bibhang=\skip53
\bibsep=\skip54
LaTeX Info: Redefining \cite on input line 694.
\c@NAT@ctr=\count268
)
Class revtex4-1 Info: Repairing natbib's \BibitemShut on input line 7623.

(/usr/local/texlive/2021/texmf-dist/tex/latex/revtex4-1/revsymb4-1.sty
Package: revsymb4-1 2020/09/30 4.1s (http://publish.aps.org/revtex4/ for docume
ntation)
LaTeX Info: Redefining \frak on input line 95.
LaTeX Info: Redefining \Bbb on input line 111.
LaTeX Info: Redefining \REV@mathfrak on input line 119.
))
(/usr/local/texlive/2021/texmf-dist/tex/latex/graphics/graphicx.sty
Package: graphicx 2020/09/09 v1.2b Enhanced LaTeX Graphics (DPC,SPQR)

(/usr/local/texlive/2021/texmf-dist/tex/latex/graphics/keyval.sty
Package: keyval 2014/10/28 v1.15 key=value parser (DPC)
\KV@toks@=\toks23
)
(/usr/local/texlive/2021/texmf-dist/tex/latex/graphics/graphics.sty
Package: graphics 2020/08/30 v1.4c Standard LaTeX Graphics (DPC,SPQR)

(/usr/local/texlive/2021/texmf-dist/tex/latex/graphics/trig.sty
Package: trig 2016/01/03 v1.10 sin cos tan (DPC)
)
(/usr/local/texlive/2021/texmf-dist/tex/latex/graphics-cfg/graphics.cfg
File: graphics.cfg 2016/06/04 v1.11 sample graphics configuration
)
Package graphics Info: Driver file: xetex.def on input line 105.

(/usr/local/texlive/2021/texmf-dist/tex/latex/graphics-def/xetex.def
File: xetex.def 2021/03/18 v5.0k Graphics/color driver for xetex
))
\Gin@req@height=\dimen147
\Gin@req@width=\dimen148
)
(/usr/local/texlive/2021/texmf-dist/tex/latex/tools/dcolumn.sty
Package: dcolumn 2014/10/28 v1.06 decimal alignment package (DPC)

(/usr/local/texlive/2021/texmf-dist/tex/latex/tools/array.sty
Package: array 2020/10/01 v2.5c Tabular extension package (FMi)
\col@sep=\dimen149
\ar@mcellbox=\box64
\extrarowheight=\dimen150
\NC@list=\toks24
\extratabsurround=\skip55
\backup@length=\skip56
\ar@cellbox=\box65
))
(/usr/local/texlive/2021/texmf-dist/tex/latex/tools/bm.sty
Package: bm 2019/07/24 v1.2d Bold Symbol Support (DPC/FMi)
\symboldoperators=\mathgroup6
\symboldletters=\mathgroup7
\symboldsymbols=\mathgroup8
LaTeX Font Info:    Redeclaring math alphabet \mathbf on input line 141.
LaTeX Info: Redefining \bm on input line 209.
)
Class revtex4-1 Info: Unrecognized array package. Please update this document c
lass! (Proceeding with fingers crossed.) on input line 38.
Class revtex4-1 Info: cite was not loaded (OK!) on input line 38.
Class revtex4-1 Info: mcite was not loaded (OK!) on input line 38.
Class revtex4-1 Info: multicol was not loaded (OK!) on input line 38.

(/usr/local/texlive/2021/texmf-dist/tex/latex/l3backend/l3backend-xetex.def
File: l3backend-xetex.def 2021-03-18 L3 backend support: XeTeX

(|extractbb --version)
\c__kernel_sys_dvipdfmx_version_int=\count269
\l__color_backend_stack_int=\count270
\g__color_backend_stack_int=\count271
\g__graphics_track_int=\count272
\l__pdf_internal_box=\box66
\g__pdf_backend_object_int=\count273
\g__pdf_backend_annotation_int=\count274
\g__pdf_backend_link_int=\count275
) (./main.aux)
\openout1 = `main.aux'.

LaTeX Font Info:    Checking defaults for OML/cmm/m/it on input line 38.
LaTeX Font Info:    ... okay on input line 38.
LaTeX Font Info:    Checking defaults for OMS/cmsy/m/n on input line 38.
LaTeX Font Info:    ... okay on input line 38.
LaTeX Font Info:    Checking defaults for OT1/cmr/m/n on input line 38.
LaTeX Font Info:    ... okay on input line 38.
LaTeX Font Info:    Checking defaults for T1/cmr/m/n on input line 38.
LaTeX Font Info:    ... okay on input line 38.
LaTeX Font Info:    Checking defaults for TS1/cmr/m/n on input line 38.
LaTeX Font Info:    Trying to load font information for TS1+cmr on input line 3
8.

(/usr/local/texlive/2021/texmf-dist/tex/latex/base/ts1cmr.fd
File: ts1cmr.fd 2019/12/16 v2.5j Standard LaTeX font definitions
)
LaTeX Font Info:    ... okay on input line 38.
LaTeX Font Info:    Checking defaults for TU/lmr/m/n on input line 38.
LaTeX Font Info:    ... okay on input line 38.
LaTeX Font Info:    Checking defaults for OMX/cmex/m/n on input line 38.
LaTeX Font Info:    ... okay on input line 38.
LaTeX Font Info:    Checking defaults for U/cmr/m/n on input line 38.
LaTeX Font Info:    ... okay on input line 38.
\openout3 = `mainNotes.bib'.

LaTeX Font Info:    Trying to load font information for U+msa on input line 69.


(/usr/local/texlive/2021/texmf-dist/tex/latex/amsfonts/umsa.fd
File: umsa.fd 2013/01/14 v3.01 AMS symbols A
)
LaTeX Font Info:    Trying to load font information for U+msb on input line 69.


(/usr/local/texlive/2021/texmf-dist/tex/latex/amsfonts/umsb.fd
File: umsb.fd 2013/01/14 v3.01 AMS symbols B
)
LaTeX Font Info:    Font shape `TU/lmss/bx/it' in size <9> not available
(Font)              Font shape `TU/lmss/bx/sl' tried instead on input line 119.



Package natbib Warning: Citation `feyn54' on page 1 undefined on input line 129
.


Package natbib Warning: Citation `witten2001' on page 1 undefined on input line
 130.


Package natbib Warning: Citation `epr' on page 1 undefined on input line 130.


Package natbib Warning: Citation `Bire82' on page 1 undefined on input line 130
.


Package natbib Warning: Citation `feyn54' on page 1 undefined on input line 134
.


Package natbib Warning: Citation `witten2001' on page 1 undefined on input line
 134.


Package natbib Warning: Citation `epr' on page 1 undefined on input line 134.


Package natbib Warning: Citation `Berman1983' on page 1 undefined on input line
 134.


Package natbib Warning: Citation `epr' on page 1 undefined on input line 135.


Package natbib Warning: Citation `feyn54' on page 1 undefined on input line 135
.


Package natbib Warning: Citation `Bire82' on page 1 undefined on input line 135
.


Package natbib Warning: Citation `Berman1983' on page 1 undefined on input line
 135.


Underfull \hbox (badness 3354) in paragraph at lines 150--158
[]\TU/lmr/m/n/10 This sample file demonstrates a simple use of
 []

[1]

Package natbib Warning: Citation `Note1' on page 2 undefined on input line 162.


LaTeX Font Info:    Trying to load font information for U+euf on input line 177
.
(/usr/local/texlive/2021/texmf-dist/tex/latex/amsfonts/ueuf.fd
File: ueuf.fd 2013/01/14 v3.01 Euler Fraktur
)
Underfull \hbox (badness 4819) in paragraph at lines 223--226
[]\TU/lmr/m/n/10 Multiline equations are obtained by using the
 []


Underfull \hbox (badness 4467) in paragraph at lines 278--284
[]\TU/lmr/m/n/10 Enclosing single-line and multiline equations in
 []


Underfull \hbox (badness 5388) in paragraph at lines 295--302
\TU/lmr/m/n/10 Putting a [][]\TU/lmtt/m/n/10 \label{#1} []\TU/lmr/m/n/10 comman
d right after the
 []

[2]
No file main.bbl.

Package natbib Warning: There were undefined citations.

[3] (./main.aux) ) 
Here is how much of TeX's memory you used:
 4221 strings out of 476919
 57329 string characters out of 5821840
 390008 words of memory out of 5000000
 24138 multiletter control sequences out of 15000+600000
 416169 words of font info for 94 fonts, out of 8000000 for 9000
 1348 hyphenation exceptions out of 8191
 82i,12n,88p,239b,220s stack positions out of 5000i,500n,10000p,200000b,80000s

Output written on main.pdf (3 pages).
