This is XeTeX, Version 3.141592653-2.6-0.999994 (TeX Live 2022) (preloaded format=xelatex 2022.4.16)  30 OCT 2022 08:45
entering extended mode
 restricted \write18 enabled.
 %&-line parsing enabled.
**main.tex
(./main.tex
LaTeX2e <2021-11-15> patch level 1
L3 programming layer <2022-02-24>
(/usr/local/texlive/2022/texmf-dist/tex/latex/base/book.cls
Document Class: book 2021/10/04 v1.4n Standard LaTeX document class
(/usr/local/texlive/2022/texmf-dist/tex/latex/base/bk12.clo
File: bk12.clo 2021/10/04 v1.4n Standard LaTeX file (size option)
)
\c@part=\count181
\c@chapter=\count182
\c@section=\count183
\c@subsection=\count184
\c@subsubsection=\count185
\c@paragraph=\count186
\c@subparagraph=\count187
\c@figure=\count188
\c@table=\count189
\abovecaptionskip=\skip47
\belowcaptionskip=\skip48
\bibindent=\dimen138
)
(/usr/local/texlive/2022/texmf-dist/tex/latex/base/inputenc.sty
Package: inputenc 2021/02/14 v1.3d Input encoding file
\inpenc@prehook=\toks16
\inpenc@posthook=\toks17


Package inputenc Warning: inputenc package ignored with utf8 based engines.

) (/usr/local/texlive/2022/texmf-dist/tex/latex/graphics/graphicx.sty
Package: graphicx 2021/09/16 v1.2d Enhanced LaTeX Graphics (DPC,SPQR)

(/usr/local/texlive/2022/texmf-dist/tex/latex/graphics/keyval.sty
Package: keyval 2014/10/28 v1.15 key=value parser (DPC)
\KV@toks@=\toks18
)
(/usr/local/texlive/2022/texmf-dist/tex/latex/graphics/graphics.sty
Package: graphics 2021/03/04 v1.4d Standard LaTeX Graphics (DPC,SPQR)

(/usr/local/texlive/2022/texmf-dist/tex/latex/graphics/trig.sty
Package: trig 2021/08/11 v1.11 sin cos tan (DPC)
)
(/usr/local/texlive/2022/texmf-dist/tex/latex/graphics-cfg/graphics.cfg
File: graphics.cfg 2016/06/04 v1.11 sample graphics configuration
)
Package graphics Info: Driver file: xetex.def on input line 107.

(/usr/local/texlive/2022/texmf-dist/tex/latex/graphics-def/xetex.def
File: xetex.def 2021/03/18 v5.0k Graphics/color driver for xetex
))
\Gin@req@height=\dimen139
\Gin@req@width=\dimen140
)
(/usr/local/texlive/2022/texmf-dist/tex/latex/amscls/amsthm.sty
Package: amsthm 2020/05/29 v2.20.6
\thm@style=\toks19
\thm@bodyfont=\toks20
\thm@headfont=\toks21
\thm@notefont=\toks22
\thm@headpunct=\toks23
\thm@preskip=\skip49
\thm@postskip=\skip50
\thm@headsep=\skip51
\dth@everypar=\toks24
)
(/usr/local/texlive/2022/texmf-dist/tex/latex/amsfonts/amsfonts.sty
Package: amsfonts 2013/01/14 v3.01 Basic AMSFonts support
\@emptytoks=\toks25
\symAMSa=\mathgroup4
\symAMSb=\mathgroup5
LaTeX Font Info:    Redeclaring math symbol \hbar on input line 98.
LaTeX Font Info:    Overwriting math alphabet `\mathfrak' in version `bold'
(Font)                  U/euf/m/n --> U/euf/b/n on input line 106.
)
(/usr/local/texlive/2022/texmf-dist/tex/latex/l3backend/l3backend-xetex.def
File: l3backend-xetex.def 2022-02-07 L3 backend support: XeTeX

(|extractbb --version)
\c__kernel_sys_dvipdfmx_version_int=\count190
\l__color_backend_stack_int=\count191
\g__color_backend_stack_int=\count192
\g__graphics_track_int=\count193
\l__pdf_internal_box=\box50
\g__pdf_backend_object_int=\count194
\g__pdf_backend_annotation_int=\count195
\g__pdf_backend_link_int=\count196
) (./main.aux (./TeX_files/GP.aux)
(./TeX_files/GP_reg.aux))
\openout1 = `main.aux'.

LaTeX Font Info:    Checking defaults for OML/cmm/m/it on input line 7.
LaTeX Font Info:    ... okay on input line 7.
LaTeX Font Info:    Checking defaults for OMS/cmsy/m/n on input line 7.
LaTeX Font Info:    ... okay on input line 7.
LaTeX Font Info:    Checking defaults for OT1/cmr/m/n on input line 7.
LaTeX Font Info:    ... okay on input line 7.
LaTeX Font Info:    Checking defaults for T1/cmr/m/n on input line 7.
LaTeX Font Info:    ... okay on input line 7.
LaTeX Font Info:    Checking defaults for TS1/cmr/m/n on input line 7.
LaTeX Font Info:    Trying to load font information for TS1+cmr on input line 7
.

(/usr/local/texlive/2022/texmf-dist/tex/latex/base/ts1cmr.fd
File: ts1cmr.fd 2019/12/16 v2.5j Standard LaTeX font definitions
)
LaTeX Font Info:    ... okay on input line 7.
LaTeX Font Info:    Checking defaults for TU/lmr/m/n on input line 7.
LaTeX Font Info:    ... okay on input line 7.
LaTeX Font Info:    Checking defaults for OMX/cmex/m/n on input line 7.
LaTeX Font Info:    ... okay on input line 7.
LaTeX Font Info:    Checking defaults for U/cmr/m/n on input line 7.
LaTeX Font Info:    ... okay on input line 7.
\c@definition=\count197
LaTeX Font Info:    Trying to load font information for U+msa on input line 16.


(/usr/local/texlive/2022/texmf-dist/tex/latex/amsfonts/umsa.fd
File: umsa.fd 2013/01/14 v3.01 AMS symbols A
)
LaTeX Font Info:    Trying to load font information for U+msb on input line 16.


(/usr/local/texlive/2022/texmf-dist/tex/latex/amsfonts/umsb.fd
File: umsb.fd 2013/01/14 v3.01 AMS symbols B
) [1



] [2

]
(./main.toc)
\tf@toc=\write3
\openout3 = `main.toc'.

 [3] [4

]
\openout2 = `./TeX_files/GP.aux'.

 (./TeX_files/GP.tex
Chapter 1.
[1


]
File: Figures/missing.png Graphic file (type bmp)
<Figures/missing.png>
 [2]
Overfull \hbox (14.79184pt too wide) detected at line 51
\U/msb/m/n/12 P\OT1/cmr/m/n/12 (\OML/cmm/m/it/12 X[] \OT1/cmr/m/n/12 = \OML/cmm
/m/it/12 s[]\OMS/cmsy/m/n/12 j\OML/cmm/m/it/12 X[] \OT1/cmr/m/n/12 = \OML/cmm/m
/it/12 s[]; X[] \OT1/cmr/m/n/12 = \OML/cmm/m/it/12 s[]; [] ; X[] \OT1/cmr/m/n/1
2 = \OML/cmm/m/it/12 s[]\OT1/cmr/m/n/12 ) = \U/msb/m/n/12 P\OT1/cmr/m/n/12 (\OM
L/cmm/m/it/12 X[] \OT1/cmr/m/n/12 = \OML/cmm/m/it/12 s[]\OMS/cmsy/m/n/12 j\OML/
cmm/m/it/12 X[] \OT1/cmr/m/n/12 = \OML/cmm/m/it/12 s[]\OT1/cmr/m/n/12 )
 []

[3]) [4]
\openout2 = `./TeX_files/GP_reg.aux'.

 (./TeX_files/GP_reg.tex
Chapter 2.
) [5




] [6



] (./main.bbl
Underfull \hbox (badness 1400) in paragraph at lines 27--32
\TU/lmr/m/it/12 Proceedings of the Twenty-Ninth International Joint Con-
 []


Underfull \hbox (badness 3029) in paragraph at lines 34--38
[]\TU/lmr/m/n/12 Peter I. Frazier.  A tutorial on bayesian optimization.
 []

Missing character: There is no   (U+202F) in font [lmroman12-regular]:mapping=t
ex-text;!
[7

]) [8] (./main.aux (./TeX_files/GP.aux) (./TeX_files/GP_reg.aux)) ) 
Here is how much of TeX's memory you used:
 1362 strings out of 476179
 24774 string characters out of 5809544
 324378 words of memory out of 5000000
 22093 multiletter control sequences out of 15000+600000
 477252 words of font info for 73 fonts, out of 8000000 for 9000
 1348 hyphenation exceptions out of 8191
 55i,8n,62p,828b,253s stack positions out of 10000i,1000n,20000p,200000b,200000s

Output written on main.pdf (12 pages).
